Arguments: 
  C:\Program Files\nodejs\node.exe C:\Users\Arthur\miniconda3\Library\bin\yarn.js install v1.21.1

PATH: 
  C:\Program Files (x86)\Common Files\Oracle\Java\javapath;C:\Program Files (x86)\Razer Chroma SDK\bin;C:\Program Files\Razer Chroma SDK\bin;C:\Program Files (x86)\Razer\ChromaBroadcast\bin;C:\Program Files\Razer\ChromaBroadcast\bin;C:\Windows\system32;C:\Windows;C:\Windows\System32\Wbem;C:\Windows\System32\WindowsPowerShell\v1.0\;C:\Windows\System32\OpenSSH\;C:\Program Files\NVIDIA Corporation\NVIDIA NvDLISR;C:\Program Files (x86)\NVIDIA Corporation\PhysX\Common;C:\Users\Arthur\AppData\Local\Microsoft\WindowsApps;C:\Users\Arthur\AppData\Local\Programs\Microsoft VS Code\bin;C:\Program Files\nodejs\;C:\Program Files\Git\cmd;C:\Program Files\Git\bin\git.exe;C:\Windows\system32\config\systemprofile\AppData\Local\Microsoft\WindowsApps;C:\Program Files\dotnet\;C:\Program Files (x86)\AOMEI\AOMEI Backupper\7.3.4;C:\Users\Arthur\AppData\Local\Programs\Python\Python312;C:\Users\Arthur\AppData\Local\Programs\Python\Python312\Scripts;C:\Users\Arthur\AppData\Local\Packages\PythonSoftwareFoundation.Python.3.10_qbz5n2kfra8p0\LocalCache\local-packages\Python310\Scripts;C:\Users\Arthur\miniconda3;C:\Users\Arthur\miniconda3\Library\mingw-w64\bin;C:\Users\Arthur\miniconda3\Library\usr\bin;C:\Users\Arthur\miniconda3\Library\bin;C:\Users\Arthur\miniconda3\Scripts;C:\Users\Arthur\AppData\Local\Programs\Python\Python312\Scripts\;C:\Users\Arthur\AppData\Local\Programs\Python\Python312;C:\Users\Arthur\AppData\Local\Microsoft\WindowsApps;C:\Users\Arthur\AppData\Local\Programs\Microsoft VS Code\bin;C:\Users\Arthur\AppData\Roaming\npm;C:\Program Files\Git\bin\git.exe;C:\Programme\Git\cmd;C:\Users\Arthur\AppData\Local\Packages\PythonSoftwareFoundation.Python.3.10_qbz5n2kfra8p0\LocalCache\local-packages\Python310\Scripts

Yarn version: 
  1.22.19

Node version: 
  20.10.0

Platform: 
  win32 x64

Trace: 
  SyntaxError: C:\Users\Arthur\Desktop\Bipchalange!!!\package.json: Unexpected end of JSON input
      at JSON.parse (<anonymous>)
      at C:\Users\Arthur\miniconda3\Library\lib\cli.js:1629:59
      at Generator.next (<anonymous>)
      at step (C:\Users\Arthur\miniconda3\Library\lib\cli.js:310:30)
      at C:\Users\Arthur\miniconda3\Library\lib\cli.js:321:13

npm manifest: 
  

yarn manifest: 
  No manifest

Lockfile: 
  # THIS IS AN AUTOGENERATED FILE. DO NOT EDIT THIS FILE DIRECTLY.
  # yarn lockfile v1
